Using pre-set license
Built from '2022.1/staging' branch; Version is '2022.1.20f1 (01d83b40d570) revision 120891'; Using compiler version '192829333'; Build Type 'Release'
OS: 'Windows 11  (10.0.22621) 64bit CoreSingleLanguage' Language: 'tr' Physical Memory: 15297 MB
BatchMode: 1, IsHumanControllingUs: 0, StartBugReporterOnCrash: 0, Is64bit: 1, IsPro: 1

COMMAND LINE ARGUMENTS:
D:\u\Unity 2022.1.20f1\Editor\Unity.exe
-adb2
-batchMode
-noUpm
-name
AssetImportWorker0
-projectPath
D:/OneDrive/Masaüstü/gitfiles/Slaymaster/Slaymaster
-logFile
Logs/AssetImportWorker0.log
-srvPort
53721
Successfully changed project path to: D:/OneDrive/Masaüstü/gitfiles/Slaymaster/Slaymaster
D:/OneDrive/Masaüstü/gitfiles/Slaymaster/Slaymaster
[UnityMemory] Configuration Parameters - Can be set up in boot.config
    "memorysetup-bucket-allocator-granularity=16"
    "memorysetup-bucket-allocator-bucket-count=8"
    "memorysetup-bucket-allocator-block-size=33554432"
    "memorysetup-bucket-allocator-block-count=8"
    "memorysetup-main-allocator-block-size=16777216"
    "memorysetup-thread-allocator-block-size=16777216"
    "memorysetup-gfx-main-allocator-block-size=16777216"
    "memorysetup-gfx-thread-allocator-block-size=16777216"
    "memorysetup-cache-allocator-block-size=4194304"
    "memorysetup-typetree-allocator-block-size=2097152"
    "memorysetup-profiler-bucket-allocator-granularity=16"
    "memorysetup-profiler-bucket-allocator-bucket-count=8"
    "memorysetup-profiler-bucket-allocator-block-size=33554432"
    "memorysetup-profiler-bucket-allocator-block-count=8"
    "memorysetup-profiler-allocator-block-size=16777216"
    "memorysetup-profiler-editor-allocator-block-size=1048576"
    "memorysetup-temp-allocator-size-main=16777216"
    "memorysetup-job-temp-allocator-block-size=2097152"
    "memorysetup-job-temp-allocator-block-size-background=1048576"
    "memorysetup-job-temp-allocator-reduction-small-platforms=262144"
    "memorysetup-temp-allocator-size-background-worker=32768"
    "memorysetup-temp-allocator-size-job-worker=262144"
    "memorysetup-temp-allocator-size-preload-manager=33554432"
    "memorysetup-temp-allocator-size-nav-mesh-worker=65536"
    "memorysetup-temp-allocator-size-audio-worker=65536"
    "memorysetup-temp-allocator-size-cloud-worker=32768"
    "memorysetup-temp-allocator-size-gi-baking-worker=262144"
    "memorysetup-temp-allocator-size-gfx=262144"
Refreshing native plugins compatible for Editor in 240.49 ms, found 3 plugins.
Preloading 0 native plugins for Editor in 0.00 ms.
Initialize engine version: 2022.1.20f1 (01d83b40d570)
[Subsystems] Discovering subsystems at path D:/u/Unity 2022.1.20f1/Editor/Data/Resources/UnitySubsystems
[Subsystems] Discovering subsystems at path D:/OneDrive/Masaüstü/gitfiles/Slaymaster/Slaymaster/Assets
GfxDevice: creating device client; threaded=0; jobified=0
Direct3D:
    Version:  Direct3D 11.0 [level 11.1]
    Renderer: AMD Radeon(TM) RX Vega 10 Graphics (ID=0x15d8)
    Vendor:   ATI
    VRAM:     7648 MB
    Driver:   31.0.14057.5006
Initialize mono
Mono path[0] = 'D:/u/Unity 2022.1.20f1/Editor/Data/Managed'
Mono path[1] = 'D:/u/Unity 2022.1.20f1/Editor/Data/MonoBleedingEdge/lib/mono/unityjit-win32'
Mono config path = 'D:/u/Unity 2022.1.20f1/Editor/Data/MonoBleedingEdge/etc'
Using monoOptions --debugger-agent=transport=dt_socket,embedding=1,server=y,suspend=n,address=127.0.0.1:56948
Begin MonoManager ReloadAssembly
Registering precompiled unity dll's ...
Register platform support module: D:/u/Unity 2022.1.20f1/Editor/Data/PlaybackEngines/WebGLSupport/UnityEditor.WebGL.Extensions.dll
Register platform support module: D:/u/Unity 2022.1.20f1/Editor/Data/PlaybackEngines/WindowsStandaloneSupport/UnityEditor.WindowsStandalone.Extensions.dll
Registered in 0.007146 seconds.
Native extension for WindowsStandalone target not found
Native extension for WebGL target not found
Refreshing native plugins compatible for Editor in 160.84 ms, found 3 plugins.
Preloading 0 native plugins for Editor in 0.00 ms.
Mono: successfully reloaded assembly
- Completed reload, in  1.356 seconds
Domain Reload Profiling:
	ReloadAssembly (1357ms)
		BeginReloadAssembly (246ms)
			ExecutionOrderSort (0ms)
			DisableScriptedObjects (0ms)
			BackupInstance (0ms)
			ReleaseScriptingObjects (0ms)
			CreateAndSetChildDomain (2ms)
		EndReloadAssembly (884ms)
			LoadAssemblies (245ms)
			RebuildTransferFunctionScriptingTraits (0ms)
			SetupTypeCache (223ms)
				TypeCache.Initialize (222ms)
					TypeCache.ScanAssembly (220ms)
				ResolveRequiredComponents (1ms)
			ReleaseScriptCaches (0ms)
			RebuildScriptCaches (48ms)
			SetupLoadedEditorAssemblies (531ms)
				LogAssemblyErrors (0ms)
				InitializePlatformSupportModulesInManaged (14ms)
				SetLoadedEditorAssemblies (10ms)
				RefreshPlugins (161ms)
				BeforeProcessingInitializeOnLoad (2ms)
				ProcessInitializeOnLoadAttributes (253ms)
				ProcessInitializeOnLoadMethodAttributes (90ms)
				AfterProcessingInitializeOnLoad (0ms)
				EditorAssembliesLoaded (0ms)
			ExecutionOrderSort2 (0ms)
			AwakeInstancesAfterBackupRestoration (0ms)
Platform modules already initialized, skipping
Registering precompiled user dll's ...
Registered in 0.024713 seconds.
Begin MonoManager ReloadAssembly
Symbol file LoadedFromMemory doesn't match image D:\OneDrive\Masaüstü\gitfiles\Slaymaster\Slaymaster\Library\PackageCache\com.unity.visualscripting@1.7.8\Editor\VisualScripting.Core\Dependencies\YamlDotNet\Unity.VisualScripting.YamlDotNet.dll
Symbol file LoadedFromMemory doesn't match image D:\OneDrive\Masaüstü\gitfiles\Slaymaster\Slaymaster\Library\PackageCache\com.unity.visualscripting@1.7.8\Editor\VisualScripting.Core\Dependencies\DotNetZip\Unity.VisualScripting.IonicZip.dll
Native extension for WindowsStandalone target not found
Native extension for WebGL target not found
Refreshing native plugins compatible for Editor in 1.25 ms, found 3 plugins.
Preloading 0 native plugins for Editor in 0.00 ms.
Mono: successfully reloaded assembly
- Completed reload, in  2.145 seconds
Domain Reload Profiling:
	ReloadAssembly (2147ms)
		BeginReloadAssembly (244ms)
			ExecutionOrderSort (0ms)
			DisableScriptedObjects (8ms)
			BackupInstance (0ms)
			ReleaseScriptingObjects (0ms)
			CreateAndSetChildDomain (36ms)
		EndReloadAssembly (1701ms)
			LoadAssemblies (220ms)
			RebuildTransferFunctionScriptingTraits (0ms)
			SetupTypeCache (569ms)
				TypeCache.Initialize (536ms)
					TypeCache.ScanAssembly (529ms)
				ResolveRequiredComponents (33ms)
			ReleaseScriptCaches (1ms)
			RebuildScriptCaches (154ms)
			SetupLoadedEditorAssemblies (691ms)
				LogAssemblyErrors (0ms)
				InitializePlatformSupportModulesInManaged (8ms)
				SetLoadedEditorAssemblies (10ms)
				RefreshPlugins (1ms)
				BeforeProcessingInitializeOnLoad (125ms)
				ProcessInitializeOnLoadAttributes (497ms)
				ProcessInitializeOnLoadMethodAttributes (44ms)
				AfterProcessingInitializeOnLoad (5ms)
				EditorAssembliesLoaded (0ms)
			ExecutionOrderSort2 (0ms)
			AwakeInstancesAfterBackupRestoration (11ms)
Platform modules already initialized, skipping
========================================================================
Worker process is ready to serve import requests
Launched and connected shader compiler UnityShaderCompiler.exe after 0.18 seconds
Refreshing native plugins compatible for Editor in 1.62 ms, found 3 plugins.
Preloading 0 native plugins for Editor in 0.00 ms.
Unloading 3845 Unused Serialized files (Serialized files now loaded: 0)
Unloading 45 unused Assets / (131.3 KB). Loaded Objects now: 4303.
Memory consumption went from 0.58 GB to 0.58 GB.
Total: 6.258700 ms (FindLiveObjects: 0.482800 ms CreateObjectMapping: 0.304000 ms MarkObjects: 5.276500 ms  DeleteObjects: 0.193800 ms)

AssetImportParameters requested are different than current active one (requested -> active):
  custom:video-decoder-ogg-theora: a1e56fd34408186e4bbccfd4996cb3dc -> 
  custom:container-muxer-webm: aa71ff27fc2769a1b78a27578f13a17b -> 
  custom:container-demuxer-webm: 4f35f7cbe854078d1ac9338744f61a02 -> 
  custom:video-encoder-webm-vp8: eb34c28f22e8b96e1ab97ce403110664 -> 
  custom:video-codec-MediaFoundation-h265: 746d11721c4dcdbdad8f713fa42b33f4 -> 
  custom:audio-encoder-webm-vorbis: bf7c407c2cedff20999df2af8eb42d56 -> 
  custom:framework-win-MediaFoundation: 216162199b28c13a410421893ffa2e32 -> 
  custom:container-demuxer-ogg: 62fdf1f143b41e24485cea50d1cbac27 -> 
  custom:video-decoder-webm-vp8: 9c59270c3fd7afecdb556c50c9e8de78 -> 
  custom:audio-decoder-ogg-vorbis: bf7c407c2cedff20999df2af8eb42d56 -> 
========================================================================
Received Import Request.
  Time since last request: 583071.688493 seconds.
  path: Assets/JMO Assets/Cartoon FX Remaster/CFXR Assets/Graphics/cfxr debris 3x3 ab lit.mat
  artifactKey: Guid(21758c48417fe2e43b8845f710749ad7) Importer(815301076,1909f56bfc062723c751e8b465ee728b)
Start importing Assets/JMO Assets/Cartoon FX Remaster/CFXR Assets/Graphics/cfxr debris 3x3 ab lit.mat using Guid(21758c48417fe2e43b8845f710749ad7) Importer(815301076,1909f56bfc062723c751e8b465ee728b)  -> (artifact id: 'ed373e151a93c57692a87311f4dd2a62') in 0.738099 seconds 
========================================================================
Received Import Request.
  Time since last request: 0.000067 seconds.
  path: Assets/JMO Assets/Cartoon FX Remaster/CFXR Assets/Graphics/cfxr debris flat unlit 3x3 ab.mat
  artifactKey: Guid(8e4bb08e9ff5d134fa0d5b0bfe6a2eb9) Importer(815301076,1909f56bfc062723c751e8b465ee728b)
Start importing Assets/JMO Assets/Cartoon FX Remaster/CFXR Assets/Graphics/cfxr debris flat unlit 3x3 ab.mat using Guid(8e4bb08e9ff5d134fa0d5b0bfe6a2eb9) Importer(815301076,1909f56bfc062723c751e8b465ee728b)  -> (artifact id: '85d77131e71578b551dae0f99115dde9') in 0.274153 seconds 
========================================================================
Received Import Request.
  Time since last request: 0.000161 seconds.
  path: Assets/JMO Assets/Cartoon FX (legacy)/Textures/CFX2_T_Star Outline.png
  artifactKey: Guid(3ec618feb88d1cc4da88093df65f5795) Importer(815301076,1909f56bfc062723c751e8b465ee728b)
Start importing Assets/JMO Assets/Cartoon FX (legacy)/Textures/CFX2_T_Star Outline.png using Guid(3ec618feb88d1cc4da88093df65f5795) Importer(815301076,1909f56bfc062723c751e8b465ee728b)  -> (artifact id: '738616996ba6a4534e48ed35a1feb384') in 0.083178 seconds 
========================================================================
Received Import Request.
  Time since last request: 0.000044 seconds.
  path: Assets/JMO Assets/Cartoon FX Remaster/CFXR Assets/Graphics/cfxr debris unlit 3x3 ab.mat
  artifactKey: Guid(0ab14112d95c069419bd90ef39fba9b2) Importer(815301076,1909f56bfc062723c751e8b465ee728b)
Start importing Assets/JMO Assets/Cartoon FX Remaster/CFXR Assets/Graphics/cfxr debris unlit 3x3 ab.mat using Guid(0ab14112d95c069419bd90ef39fba9b2) Importer(815301076,1909f56bfc062723c751e8b465ee728b)  -> (artifact id: 'dc428976de4479a004842fb6635fd9b8') in 0.039527 seconds 
========================================================================
Received Import Request.
  Time since last request: 0.000044 seconds.
  path: Assets/JMO Assets/Cartoon FX Remaster/CFXR Assets/Graphics/cfxr perlin smudge.png
  artifactKey: Guid(af4c21dd7781b7f4da5276e74b012890) Importer(815301076,1909f56bfc062723c751e8b465ee728b)
Start importing Assets/JMO Assets/Cartoon FX Remaster/CFXR Assets/Graphics/cfxr perlin smudge.png using Guid(af4c21dd7781b7f4da5276e74b012890) Importer(815301076,1909f56bfc062723c751e8b465ee728b)  -> (artifact id: 'e9c012f56aa4fb92312efb45991c7341') in 0.029703 seconds 
========================================================================
Received Import Request.
  Time since last request: 0.000043 seconds.
  path: Assets/JMO Assets/Cartoon FX Remaster/CFXR Assets/Graphics/cfxr debris wood unlit 3x3.png
  artifactKey: Guid(ba5c573490b77f942a086e98994192a0) Importer(815301076,1909f56bfc062723c751e8b465ee728b)
Start importing Assets/JMO Assets/Cartoon FX Remaster/CFXR Assets/Graphics/cfxr debris wood unlit 3x3.png using Guid(ba5c573490b77f942a086e98994192a0) Importer(815301076,1909f56bfc062723c751e8b465ee728b)  -> (artifact id: '05155f31f2a75b8f82eb2f46c004b50e') in 0.040161 seconds 
========================================================================
Received Import Request.
  Time since last request: 0.000064 seconds.
  path: Assets/JMO Assets/Cartoon FX Remaster/CFXR Assets/Graphics/cfxr leave a ab lit normal.mat
  artifactKey: Guid(80eaf5e9f1028e04b87ba508cb40858f) Importer(815301076,1909f56bfc062723c751e8b465ee728b)
Start importing Assets/JMO Assets/Cartoon FX Remaster/CFXR Assets/Graphics/cfxr leave a ab lit normal.mat using Guid(80eaf5e9f1028e04b87ba508cb40858f) Importer(815301076,1909f56bfc062723c751e8b465ee728b)  -> (artifact id: 'dd2dc2dd5a39a133d3050a1594af456d') in 0.434631 seconds 
========================================================================
Received Import Request.
  Time since last request: 0.000062 seconds.
  path: Assets/JMO Assets/Cartoon FX (legacy)/Textures/CFX_T_Anim4_RoundedLines.png
  artifactKey: Guid(7987b6791dff098469332588914e2c84) Importer(815301076,1909f56bfc062723c751e8b465ee728b)
Start importing Assets/JMO Assets/Cartoon FX (legacy)/Textures/CFX_T_Anim4_RoundedLines.png using Guid(7987b6791dff098469332588914e2c84) Importer(815301076,1909f56bfc062723c751e8b465ee728b)  -> (artifact id: '1fb3dcda925be47922f5d9206946d9fd') in 0.027972 seconds 
========================================================================
Received Import Request.
  Time since last request: 0.000039 seconds.
  path: Assets/JMO Assets/Cartoon FX Remaster/CFXR Assets/Graphics/cfxr perlin mid.png
  artifactKey: Guid(0d30b359af34f9049bdf5863b06dd25f) Importer(815301076,1909f56bfc062723c751e8b465ee728b)
Start importing Assets/JMO Assets/Cartoon FX Remaster/CFXR Assets/Graphics/cfxr perlin mid.png using Guid(0d30b359af34f9049bdf5863b06dd25f) Importer(815301076,1909f56bfc062723c751e8b465ee728b)  -> (artifact id: 'f59e8b8b94dc3e6981bc6a26c21c4e9e') in 0.029976 seconds 
========================================================================
Received Import Request.
  Time since last request: 0.000046 seconds.
  path: Assets/JMO Assets/Cartoon FX (legacy)/Textures/CFX2_T_HeartBrokenSlice.png
  artifactKey: Guid(9864efbfd97a1d141aaef379143ac011) Importer(815301076,1909f56bfc062723c751e8b465ee728b)
Start importing Assets/JMO Assets/Cartoon FX (legacy)/Textures/CFX2_T_HeartBrokenSlice.png using Guid(9864efbfd97a1d141aaef379143ac011) Importer(815301076,1909f56bfc062723c751e8b465ee728b)  -> (artifact id: 'df2721319c007e1f6b7e73abf02295ab') in 0.029945 seconds 
========================================================================
Received Import Request.
  Time since last request: 0.000053 seconds.
  path: Assets/JMO Assets/Cartoon FX (legacy)/Textures/CFX2_T_HeartOutline.png
  artifactKey: Guid(03e95ca11ee78cd4482680e2c4ec46f1) Importer(815301076,1909f56bfc062723c751e8b465ee728b)
Start importing Assets/JMO Assets/Cartoon FX (legacy)/Textures/CFX2_T_HeartOutline.png using Guid(03e95ca11ee78cd4482680e2c4ec46f1) Importer(815301076,1909f56bfc062723c751e8b465ee728b)  -> (artifact id: '48a62b8d473024d1d7c60d3ea8007d42') in 0.038076 seconds 
========================================================================
Received Import Request.
  Time since last request: 0.000046 seconds.
  path: Assets/JMO Assets/Cartoon FX Remaster/CFXR Assets/Graphics/cfxr debris 3x3 ab lit emission.mat
  artifactKey: Guid(f7ffbf43e28f7014d968ef0d50836718) Importer(815301076,1909f56bfc062723c751e8b465ee728b)
Start importing Assets/JMO Assets/Cartoon FX Remaster/CFXR Assets/Graphics/cfxr debris 3x3 ab lit emission.mat using Guid(f7ffbf43e28f7014d968ef0d50836718) Importer(815301076,1909f56bfc062723c751e8b465ee728b)  -> (artifact id: '8c298c474cf61ad28f7f98a4d2467f28') in 0.208577 seconds 
========================================================================
Received Import Request.
  Time since last request: 0.000047 seconds.
  path: Assets/JMO Assets/Cartoon FX Remaster/CFXR Assets/Graphics/cfxr petal pink x4 ab lit normal.mat
  artifactKey: Guid(b8466bb13bf17094d8bf1afdc8e05072) Importer(815301076,1909f56bfc062723c751e8b465ee728b)
Start importing Assets/JMO Assets/Cartoon FX Remaster/CFXR Assets/Graphics/cfxr petal pink x4 ab lit normal.mat using Guid(b8466bb13bf17094d8bf1afdc8e05072) Importer(815301076,1909f56bfc062723c751e8b465ee728b)  -> (artifact id: '24c764bb74e30260f385232bcbf2cb92') in 0.057197 seconds 
========================================================================
Received Import Request.
  Time since last request: 0.000063 seconds.
  path: Assets/JMO Assets/Cartoon FX (legacy)/Textures/CFX2_T_Smiley Happy Outline.png
  artifactKey: Guid(8b5cfdfaadd8a244c854bac174bd9120) Importer(815301076,1909f56bfc062723c751e8b465ee728b)
Start importing Assets/JMO Assets/Cartoon FX (legacy)/Textures/CFX2_T_Smiley Happy Outline.png using Guid(8b5cfdfaadd8a244c854bac174bd9120) Importer(815301076,1909f56bfc062723c751e8b465ee728b)  -> (artifact id: '58e195e9d01e9e5b2ccfd3d71e79d706') in 0.030531 seconds 
========================================================================
Received Import Request.
  Time since last request: 0.000037 seconds.
  path: Assets/JMO Assets/Cartoon FX Remaster/CFXR Assets/Graphics/cfxr screen distortion perlin.png
  artifactKey: Guid(938e85c994e3c604d806f2597900cc97) Importer(815301076,1909f56bfc062723c751e8b465ee728b)
Start importing Assets/JMO Assets/Cartoon FX Remaster/CFXR Assets/Graphics/cfxr screen distortion perlin.png using Guid(938e85c994e3c604d806f2597900cc97) Importer(815301076,1909f56bfc062723c751e8b465ee728b)  -> (artifact id: 'de0fc68bb32e7cad00ebdf355457397b') in 0.028477 seconds 
========================================================================
Received Import Request.
  Time since last request: 0.000055 seconds.
  path: Assets/JMO Assets/Cartoon FX Remaster/CFXR Assets/Graphics/cfxr debris flat unlit 3x3.png
  artifactKey: Guid(f0fc63002361baf4a903d44ab024b19b) Importer(815301076,1909f56bfc062723c751e8b465ee728b)
Start importing Assets/JMO Assets/Cartoon FX Remaster/CFXR Assets/Graphics/cfxr debris flat unlit 3x3.png using Guid(f0fc63002361baf4a903d44ab024b19b) Importer(815301076,1909f56bfc062723c751e8b465ee728b)  -> (artifact id: '62e08fb2e7b8b9cf0da015b7be54439d') in 0.048292 seconds 
========================================================================
Received Import Request.
  Time since last request: 0.000040 seconds.
  path: Assets/JMO Assets/Cartoon FX Remaster/CFXR Assets/Graphics/cfxr line loop electric.png
  artifactKey: Guid(24be193b88e84e042a08eab09c47f3c0) Importer(815301076,1909f56bfc062723c751e8b465ee728b)
Start importing Assets/JMO Assets/Cartoon FX Remaster/CFXR Assets/Graphics/cfxr line loop electric.png using Guid(24be193b88e84e042a08eab09c47f3c0) Importer(815301076,1909f56bfc062723c751e8b465ee728b)  -> (artifact id: '691ad4118d77a85ece87e8d65179e809') in 0.029243 seconds 
========================================================================
Received Import Request.
  Time since last request: 0.000042 seconds.
  path: Assets/JMO Assets/Cartoon FX Remaster/CFXR Assets/Graphics/cfxr debris unlit 3x3.png
  artifactKey: Guid(ce355ddea16ad0a41abee534af68b82a) Importer(815301076,1909f56bfc062723c751e8b465ee728b)
Start importing Assets/JMO Assets/Cartoon FX Remaster/CFXR Assets/Graphics/cfxr debris unlit 3x3.png using Guid(ce355ddea16ad0a41abee534af68b82a) Importer(815301076,1909f56bfc062723c751e8b465ee728b)  -> (artifact id: '141e13a1fbe852911b4e9a7bb486defe') in 0.028122 seconds 
========================================================================
Received Import Request.
  Time since last request: 5.719447 seconds.
  path: Assets/JMO Assets/Cartoon FX Remaster/CFXR Assets/Meshes/cfxr particle_electric_arc_2.fbx
  artifactKey: Guid(f6ce39f7cf5788047aa637110fa7ebe1) Importer(815301076,1909f56bfc062723c751e8b465ee728b)
Start importing Assets/JMO Assets/Cartoon FX Remaster/CFXR Assets/Meshes/cfxr particle_electric_arc_2.fbx using Guid(f6ce39f7cf5788047aa637110fa7ebe1) Importer(815301076,1909f56bfc062723c751e8b465ee728b)  -> (artifact id: 'ca783617006c50a55e3b22842b3f07f8') in 0.133669 seconds 
========================================================================
Received Import Request.
  Time since last request: 0.000049 seconds.
  path: Assets/JMO Assets/Cartoon FX Remaster/CFXR Assets/Misc/cfxr ParticleFont WashYourHand.asset
  artifactKey: Guid(248c4661420fe3d48b7f14d4c8afe6ab) Importer(815301076,1909f56bfc062723c751e8b465ee728b)
Start importing Assets/JMO Assets/Cartoon FX Remaster/CFXR Assets/Misc/cfxr ParticleFont WashYourHand.asset using Guid(248c4661420fe3d48b7f14d4c8afe6ab) Importer(815301076,1909f56bfc062723c751e8b465ee728b)  -> (artifact id: '9b9e980d00b2cb57872bdd5d6171c349') in 0.123509 seconds 
========================================================================
Received Import Request.
  Time since last request: 0.000057 seconds.
  path: Assets/JMO Assets/Cartoon FX Remaster/CFXR Assets/Graphics/cfxr proc ring local space partial ab.mat
  artifactKey: Guid(d33b4e9cb7fcd474c99d6762456a3d92) Importer(815301076,1909f56bfc062723c751e8b465ee728b)
Start importing Assets/JMO Assets/Cartoon FX Remaster/CFXR Assets/Graphics/cfxr proc ring local space partial ab.mat using Guid(d33b4e9cb7fcd474c99d6762456a3d92) Importer(815301076,1909f56bfc062723c751e8b465ee728b)  -> (artifact id: '02b163a79ecc9a82374c26bf161d92a8') in 0.318117 seconds 
